<?xml version="1.0" encoding="UTF-8"?>
<testsuites name="1" time="15.971" tests="2" failures="0" errors="0">
   <testsuite name="1" tests="2" failures="0" errors="0" time="15.971" skipped="0" timestamp="06-12-2023T13:24:12" hostname="hanum - LAPTOP-3EIU86EU" id="Test Suites/1">
      <properties>
         <property name="deviceName" value=""/>
         <property name="devicePlatform" value=""/>
         <property name="logFolder" value="C:\\Users\\hanum\\git\\Automation\\Reports\\20231206_132348\\1\\20231206_132349"/>
         <property name="logFiles" value="C:\\Users\\hanum\\git\\Automation\\Reports\\20231206_132348\\1\\20231206_132349\\execution0.log"/>
         <property name="attachments" value=""/>
         <property name="hostName" value="hanum - LAPTOP-3EIU86EU"/>
         <property name="os" value="Windows 11 64bit"/>
         <property name="katalonVersion" value="9.1.0.212"/>
         <property name="browser" value="Chrome 119.0.0.0"/>
         <property name="hostAddress" value="192.168.68.59"/>
         <property name="sessionId" value="60566056a6e4a5ff3bffdfcc83d1d660"/>
         <property name="seleniumVersion" value="3.141.59"/>
         <property name="proxyInformation" value="ProxyInformation { proxyOption=NO_PROXY, proxyServerType=HTTP, username=, password=********, proxyServerAddress=, proxyServerPort=0, executionList=&quot;&quot;, isApplyToDesiredCapabilities=true }"/>
         <property name="platform" value="Windows 11"/>
      </properties>
      <testcase name="Test Cases/New Test Case" time="8.673" classname="Test Cases/New Test Case" status="PASSED">
         <system-out><![CDATA[06-12-2023T13:24:13 - [TEST_CASE][PASSED] - Test Cases/New Test Case: Test Cases/New Test Case

06-12-2023T13:24:13 - [TEST_STEP][PASSED] - openBrowser(""): Browser is opened with url: ''

06-12-2023T13:24:14 - [MESSAGE][INFO] - Starting 'Chrome' driver

06-12-2023T13:24:14 - [MESSAGE][INFO] - Action delay is set to 0 milliseconds

06-12-2023T13:24:16 - [MESSAGE][PASSED] - Browser is opened with url: ''

06-12-2023T13:24:16 - [TEST_STEP][PASSED] - navigateToUrl("https://katalon-demo-cura.herokuapp.com/"): Navigate to 'https://katalon-demo-cura.herokuapp.com/' successfully

06-12-2023T13:24:20 - [MESSAGE][PASSED] - Navigate to 'https://katalon-demo-cura.herokuapp.com/' successfully

06-12-2023T13:24:20 - [TEST_STEP][PASSED] - click(findTestObject("Object Repository/Page_CURA Healthcare Service/a_Make Appointment")): Object: 'Object Repository/Page_CURA Healthcare Service/a_Make Appointment' is clicked on

06-12-2023T13:24:21 - [MESSAGE][PASSED] - Object: 'Object Repository/Page_CURA Healthcare Service/a_Make Appointment' is clicked on

06-12-2023T13:24:21 - [TEST_STEP][PASSED] - closeBrowser(): Browser is closed

06-12-2023T13:24:21 - [MESSAGE][PASSED] - Browser is closed]]></system-out>
         <system-err><![CDATA[]]></system-err>
      </testcase>
      <testcase name="Test Cases/New Test Case" time="6.974" classname="Test Cases/New Test Case" status="PASSED">
         <system-out><![CDATA[06-12-2023T13:24:21 - [TEST_CASE][PASSED] - Test Cases/New Test Case: Test Cases/New Test Case

06-12-2023T13:24:21 - [TEST_STEP][PASSED] - openBrowser(""): Browser is opened with url: ''

06-12-2023T13:24:21 - [MESSAGE][INFO] - Starting 'Chrome' driver

06-12-2023T13:24:21 - [MESSAGE][INFO] - Action delay is set to 0 milliseconds

06-12-2023T13:24:23 - [MESSAGE][PASSED] - Browser is opened with url: ''

06-12-2023T13:24:23 - [TEST_STEP][PASSED] - navigateToUrl("https://katalon-demo-cura.herokuapp.com/"): Navigate to 'https://katalon-demo-cura.herokuapp.com/' successfully

06-12-2023T13:24:27 - [MESSAGE][PASSED] - Navigate to 'https://katalon-demo-cura.herokuapp.com/' successfully

06-12-2023T13:24:27 - [TEST_STEP][PASSED] - click(findTestObject("Object Repository/Page_CURA Healthcare Service/a_Make Appointment")): Object: 'Object Repository/Page_CURA Healthcare Service/a_Make Appointment' is clicked on

06-12-2023T13:24:28 - [MESSAGE][PASSED] - Object: 'Object Repository/Page_CURA Healthcare Service/a_Make Appointment' is clicked on

06-12-2023T13:24:28 - [TEST_STEP][PASSED] - closeBrowser(): Browser is closed

06-12-2023T13:24:28 - [MESSAGE][PASSED] - Browser is closed]]></system-out>
         <system-err><![CDATA[]]></system-err>
      </testcase>
      <system-out><![CDATA[06-12-2023T13:24:12 - [TEST_SUITE][PASSED] - 1: Test Cases/New Test Case]]></system-out>
      <system-err><![CDATA[]]></system-err>
   </testsuite>
</testsuites>
